# JRE version: Java(TM) SE Runtime Environment (9.0+11) (build 9.0.4+11)
# Java VM: Java HotSpot(TM) 64-Bit Server VM (9.0.4+11, mixed mode, tiered, compressed oops, g1 gc, windows-amd64)
Heap:
 garbage-first heap   total 258048K, used 108597K [0x0000000700000000, 0x00000007001007e0, 0x00000007c0000000)
  region size 1024K, 20 young (20480K), 1 survivors (1024K)
 Metaspace       used 91100K, capacity 95114K, committed 97104K, reserved 1132544K
  class space    used 12738K, capacity 13491K, committed 13948K, reserved 1048576K
GC Heap History (10 events):
Event: 6472.450 GC heap before
{Heap before GC invocations=1089 (full 127):
 garbage-first heap   total 258048K, used 148577K [0x0000000700000000, 0x00000007001007e0, 0x00000007c0000000)
  region size 1024K, 60 young (61440K), 1 survivors (1024K)
 Metaspace       used 91095K, capacity 95114K, committed 97104K, reserved 1132544K
  class space    used 12738K, capacity 13491K, committed 13948K, reserved 1048576K
}
Event: 6472.452 GC heap after
{Heap after GC invocations=1090 (full 127):
 garbage-first heap   total 258048K, used 88192K [0x0000000700000000, 0x00000007001007e0, 0x00000007c0000000)
  region size 1024K, 1 young (1024K), 1 survivors (1024K)
 Metaspace       used 91095K, capacity 95114K, committed 97104K, reserved 1132544K
  class space    used 12738K, capacity 13491K, committed 13948K, reserved 1048576K
}
Event: 6473.096 GC heap before
{Heap before GC invocations=1090 (full 127):
 garbage-first heap   total 258048K, used 148608K [0x0000000700000000, 0x00000007001007e0, 0x00000007c0000000)
  region size 1024K, 60 young (61440K), 1 survivors (1024K)
 Metaspace       used 91095K, capacity 95114K, committed 97104K, reserved 1132544K
  class space    used 12738K, capacity 13491K, committed 13948K, reserved 1048576K
}
Event: 6473.098 GC heap after
{Heap after GC invocations=1091 (full 127):
 garbage-first heap   total 258048K, used 88046K [0x0000000700000000, 0x00000007001007e0, 0x00000007c0000000)
  region size 1024K, 1 young (1024K), 1 survivors (1024K)
 Metaspace       used 91095K, capacity 95114K, committed 97104K, reserved 1132544K
  class space    used 12738K, capacity 13491K, committed 13948K, reserved 1048576K
}
Event: 6474.196 GC heap before
{Heap before GC invocations=1091 (full 127):
 garbage-first heap   total 258048K, used 154606K [0x0000000700000000, 0x00000007001007e0, 0x00000007c0000000)
  region size 1024K, 60 young (61440K), 1 survivors (1024K)
 Metaspace       used 91097K, capacity 95114K, committed 97104K, reserved 1132544K
  class space    used 12738K, capacity 13491K, committed 13948K, reserved 1048576K
}
Event: 6474.199 GC heap after
{Heap after GC invocations=1092 (full 127):
 garbage-first heap   total 258048K, used 94354K [0x0000000700000000, 0x00000007001007e0, 0x00000007c0000000)
  region size 1024K, 1 young (1024K), 1 survivors (1024K)
 Metaspace       used 91097K, capacity 95114K, committed 97104K, reserved 1132544K
  class space    used 12738K, capacity 13491K, committed 13948K, reserved 1048576K
}
Event: 6474.889 GC heap before
{Heap before GC invocations=1092 (full 127):
 garbage-first heap   total 258048K, used 146578K [0x0000000700000000, 0x00000007001007e0, 0x00000007c0000000)
  region size 1024K, 49 young (50176K), 1 survivors (1024K)
 Metaspace       used 91100K, capacity 95114K, committed 97104K, reserved 1132544K
  class space    used 12738K, capacity 13491K, committed 13948K, reserved 1048576K
}
Event: 6475.045 GC heap after
{Heap after GC invocations=1093 (full 128):
 garbage-first heap   total 258048K, used 89694K [0x0000000700000000, 0x00000007001007e0, 0x00000007c0000000)
  region size 1024K, 0 young (0K), 0 survivors (0K)
 Metaspace       used 91100K, capacity 95114K, committed 97104K, reserved 1132544K
  class space    used 12738K, capacity 13491K, committed 13948K, reserved 1048576K
}
Event: 6477.261 GC heap before
{Heap before GC invocations=1093 (full 128):
 garbage-first heap   total 258048K, used 151134K [0x0000000700000000, 0x00000007001007e0, 0x00000007c0000000)
  region size 1024K, 60 young (61440K), 0 survivors (0K)
 Metaspace       used 91100K, capacity 95114K, committed 97104K, reserved 1132544K
  class space    used 12738K, capacity 13491K, committed 13948K, reserved 1048576K
}
Event: 6477.263 GC heap after
{Heap after GC invocations=1094 (full 128):
 garbage-first heap   total 258048K, used 90165K [0x0000000700000000, 0x00000007001007e0, 0x00000007c0000000)
  region size 1024K, 1 young (1024K), 1 survivors (1024K)
 Metaspace       used 91100K, capacity 95114K, committed 97104K, reserved 1132544K
  class space    used 12738K, capacity 13491K, committed 13948K, reserved 1048576K
}

